c:\users\baran\onedrive\masaüstü\kodlarım\c++\calculator\calculator\x64\debug\vc143.pdb
c:\users\baran\onedrive\masaüstü\kodlarım\c++\calculator\calculator\x64\debug\.netframework,version=v4.8.assemblyattributes.obj
c:\users\baran\onedrive\masaüstü\kodlarım\c++\calculator\calculator\x64\debug\myform.obj
c:\users\baran\onedrive\masaüstü\kodlarım\c++\calculator\x64\debug\calculator.exe
c:\users\baran\onedrive\masaüstü\kodlarım\c++\calculator\x64\debug\calculator.pdb
c:\users\baran\onedrive\masaüstü\kodlarım\c++\calculator\calculator\x64\debug\calculator.tlog\metagen.write.1.tlog
c:\users\baran\onedrive\masaüstü\kodlarım\c++\calculator\calculator\x64\debug\calculator.tlog\cl.command.1.tlog
c:\users\baran\onedrive\masaüstü\kodlarım\c++\calculator\calculator\x64\debug\calculator.tlog\cl.items.tlog
c:\users\baran\onedrive\masaüstü\kodlarım\c++\calculator\calculator\x64\debug\calculator.tlog\cl.read.1.tlog
c:\users\baran\onedrive\masaüstü\kodlarım\c++\calculator\calculator\x64\debug\calculator.tlog\cl.write.1.tlog
c:\users\baran\onedrive\masaüstü\kodlarım\c++\calculator\calculator\x64\debug\calculator.tlog\link.command.1.tlog
c:\users\baran\onedrive\masaüstü\kodlarım\c++\calculator\calculator\x64\debug\calculator.tlog\link.read.1.tlog
c:\users\baran\onedrive\masaüstü\kodlarım\c++\calculator\calculator\x64\debug\calculator.tlog\link.secondary.1.tlog
c:\users\baran\onedrive\masaüstü\kodlarım\c++\calculator\calculator\x64\debug\calculator.tlog\link.write.1.tlog
c:\users\baran\onedrive\masaüstü\kodlarım\c++\calculator\calculator\x64\debug\calculator.tlog\metagen.read.1.tlog
c:\users\baran\onedrive\masaüstü\kodlarım\c++\calculator\calculator\x64\debug\calculator.tlog\resgen.command.1.tlog
c:\users\baran\onedrive\masaüstü\kodlarım\c++\calculator\calculator\x64\debug\calculator.tlog\resgen.read.1.tlog
c:\users\baran\onedrive\masaüstü\kodlarım\c++\calculator\calculator\x64\debug\calculator.tlog\resgen.write.1.tlog
c:\users\baran\onedrive\masaüstü\kodlarım\c++\calculator\calculator\x64\debug\calculator.tlog\system.data.dll.metagen
c:\users\baran\onedrive\masaüstü\kodlarım\c++\calculator\calculator\x64\debug\calculator.tlog\system.dll.metagen
c:\users\baran\onedrive\masaüstü\kodlarım\c++\calculator\calculator\x64\debug\calculator.tlog\system.drawing.dll.metagen
c:\users\baran\onedrive\masaüstü\kodlarım\c++\calculator\calculator\x64\debug\calculator.tlog\system.xml.dll.metagen
c:\users\baran\onedrive\masaüstü\kodlarım\c++\calculator\calculator\x64\debug\calculator.tlog\clr.dll.bi
